Using pre-set license
Built from '2020.3/staging' branch; Version is '2020.3.19f1 (68f137dc9bbe) revision 6877495'; Using compiler version '192528614'; Build Type 'Release'
OS: 'Windows 10 Pro; OS build 19043.1237; Version 2009; 64bit' Language: 'en' Physical Memory: 65461 MB
BatchMode: 1, IsHumanControllingUs: 0, StartBugReporterOnCrash: 0, Is64bit: 1, IsPro: 0

COMMAND LINE ARGUMENTS:
C:\Program Files\Unity\Hub\Editor\2020.3.19f1\Editor\Unity.exe
-adb2
-batchMode
-noUpm
-name
AssetImportWorker0
-projectPath
C:/Unity 2021/Sound Tutorial
-logFile
Logs/AssetImportWorker0.log
-srvPort
53154
Successfully changed project path to: C:/Unity 2021/Sound Tutorial
C:/Unity 2021/Sound Tutorial
Using Asset Import Pipeline V2.
Refreshing native plugins compatible for Editor in 34.07 ms, found 3 plugins.
Preloading 0 native plugins for Editor in 0.00 ms.
Initialize engine version: 2020.3.19f1 (68f137dc9bbe)
[Subsystems] Discovering subsystems at path C:/Program Files/Unity/Hub/Editor/2020.3.19f1/Editor/Data/Resources/UnitySubsystems
[Subsystems] Discovering subsystems at path C:/Unity 2021/Sound Tutorial/Assets
GfxDevice: creating device client; threaded=0
Direct3D:
    Version:  Direct3D 11.0 [level 11.1]
    Renderer: NVIDIA GeForce RTX 3090 (ID=0x2204)
    Vendor:   
    VRAM:     24348 MB
    Driver:   30.0.14.7212
Initialize mono
Mono path[0] = 'C:/Program Files/Unity/Hub/Editor/2020.3.19f1/Editor/Data/Managed'
Mono path[1] = 'C:/Program Files/Unity/Hub/Editor/2020.3.19f1/Editor/Data/MonoBleedingEdge/lib/mono/unityjit'
Mono config path = 'C:/Program Files/Unity/Hub/Editor/2020.3.19f1/Editor/Data/MonoBleedingEdge/etc'
Using monoOptions --debugger-agent=transport=dt_socket,embedding=1,server=y,suspend=n,address=127.0.0.1:56620
Begin MonoManager ReloadAssembly
Registering precompiled unity dll's ...
Register platform support module: C:/Program Files/Unity/Hub/Editor/2020.3.19f1/Editor/Data/PlaybackEngines/WindowsStandaloneSupport/UnityEditor.WindowsStandalone.Extensions.dll
Registered in 0.002503 seconds.
Native extension for WindowsStandalone target not found
Refreshing native plugins compatible for Editor in 29.66 ms, found 3 plugins.
Preloading 0 native plugins for Editor in 0.00 ms.
Mono: successfully reloaded assembly
- Completed reload, in  1.085 seconds
Domain Reload Profiling:
	ReloadAssembly (1085ms)
		BeginReloadAssembly (84ms)
			ExecutionOrderSort (0ms)
			DisableScriptedObjects (0ms)
			BackupInstance (0ms)
			ReleaseScriptingObjects (0ms)
			CreateAndSetChildDomain (1ms)
		EndReloadAssembly (280ms)
			LoadAssemblies (82ms)
			RebuildTransferFunctionScriptingTraits (0ms)
			SetupTypeCache (95ms)
			ReleaseScriptCaches (0ms)
			RebuildScriptCaches (19ms)
			SetupLoadedEditorAssemblies (116ms)
				LogAssemblyErrors (0ms)
				InitializePlatformSupportModulesInManaged (3ms)
				SetLoadedEditorAssemblies (0ms)
				RefreshPlugins (30ms)
				BeforeProcessingInitializeOnLoad (6ms)
				ProcessInitializeOnLoadAttributes (57ms)
				ProcessInitializeOnLoadMethodAttributes (19ms)
				AfterProcessingInitializeOnLoad (0ms)
				EditorAssembliesLoaded (0ms)
			ExecutionOrderSort2 (0ms)
			AwakeInstancesAfterBackupRestoration (0ms)
Platform modules already initialized, skipping
Registering precompiled user dll's ...
Registered in 0.006299 seconds.
Begin MonoManager ReloadAssembly
Native extension for WindowsStandalone target not found
Refreshing native plugins compatible for Editor in 28.80 ms, found 3 plugins.
Preloading 0 native plugins for Editor in 0.00 ms.
Mono: successfully reloaded assembly
- Completed reload, in  0.806 seconds
Domain Reload Profiling:
	ReloadAssembly (807ms)
		BeginReloadAssembly (137ms)
			ExecutionOrderSort (0ms)
			DisableScriptedObjects (3ms)
			BackupInstance (0ms)
			ReleaseScriptingObjects (0ms)
			CreateAndSetChildDomain (16ms)
		EndReloadAssembly (624ms)
			LoadAssemblies (123ms)
			RebuildTransferFunctionScriptingTraits (0ms)
			SetupTypeCache (185ms)
			ReleaseScriptCaches (0ms)
			RebuildScriptCaches (32ms)
			SetupLoadedEditorAssemblies (248ms)
				LogAssemblyErrors (0ms)
				InitializePlatformSupportModulesInManaged (3ms)
				SetLoadedEditorAssemblies (0ms)
				RefreshPlugins (29ms)
				BeforeProcessingInitializeOnLoad (49ms)
				ProcessInitializeOnLoadAttributes (148ms)
				ProcessInitializeOnLoadMethodAttributes (12ms)
				AfterProcessingInitializeOnLoad (7ms)
				EditorAssembliesLoaded (0ms)
			ExecutionOrderSort2 (0ms)
			AwakeInstancesAfterBackupRestoration (5ms)
Platform modules already initialized, skipping
========================================================================
Worker process is ready to serve import requests
Launched and connected shader compiler UnityShaderCompiler.exe after 0.05 seconds
Refreshing native plugins compatible for Editor in 0.44 ms, found 3 plugins.
Preloading 0 native plugins for Editor in 0.00 ms.
Unloading 2092 Unused Serialized files (Serialized files now loaded: 0)
System memory in use before: 93.1 MB.
System memory in use after: 93.2 MB.

Unloading 26 unused Assets to reduce memory usage. Loaded Objects now: 2531.
Total: 2.683500 ms (FindLiveObjects: 0.264900 ms CreateObjectMapping: 0.068600 ms MarkObjects: 2.296200 ms  DeleteObjects: 0.053200 ms)

AssetImportParameters requested are different than current active one (requested -> active):
  custom:framework-win-MediaFoundation: 216162199b28c13a410421893ffa2e32 -> 
  custom:video-decoder-ogg-theora: a1e56fd34408186e4bbccfd4996cb3dc -> 
  custom:container-muxer-webm: aa71ff27fc2769a1b78a27578f13a17b -> 
  custom:container-demuxer-webm: 4f35f7cbe854078d1ac9338744f61a02 -> 
  custom:container-demuxer-ogg: 62fdf1f143b41e24485cea50d1cbac27 -> 
  custom:video-encoder-webm-vp8: eb34c28f22e8b96e1ab97ce403110664 -> 
  custom:video-decoder-webm-vp8: 9c59270c3fd7afecdb556c50c9e8de78 -> 
  custom:audio-decoder-ogg-vorbis: bf7c407c2cedff20999df2af8eb42d56 -> 
  custom:audio-encoder-webm-vorbis: bf7c407c2cedff20999df2af8eb42d56 -> 
========================================================================
Received Import Request.
  path: Assets/cat
  artifactKey: Guid(4524dd596b8675f40a4db352d2cd9aa2) Importer(815301076,1909f56bfc062723c751e8b465ee728b)
Start importing Assets/cat using Guid(4524dd596b8675f40a4db352d2cd9aa2) Importer(815301076,1909f56bfc062723c751e8b465ee728b)  -> (artifact id: 'ff8ffdee5bef9a2e2477a013aa872c66') in 0.007820 seconds 
  Import took 0.010673 seconds .

========================================================================
Received Import Request.
  Time since last request: 0.000139 seconds.
  path: Assets/Sprites
  artifactKey: Guid(0ecea0cfc15e47544bd81a425a94e729) Importer(815301076,1909f56bfc062723c751e8b465ee728b)
Start importing Assets/Sprites using Guid(0ecea0cfc15e47544bd81a425a94e729) Importer(815301076,1909f56bfc062723c751e8b465ee728b)  -> (artifact id: '22b6483f4288f66ed51a663e54447192') in 0.004813 seconds 
  Import took 0.007606 seconds .

========================================================================
Received Import Request.
  Time since last request: 0.124648 seconds.
  path: Assets/dog
  artifactKey: Guid(07918dffab25d544d8f15adc125f6fad) Importer(815301076,1909f56bfc062723c751e8b465ee728b)
Start importing Assets/dog using Guid(07918dffab25d544d8f15adc125f6fad) Importer(815301076,1909f56bfc062723c751e8b465ee728b)  -> (artifact id: '33447e6d04a19b55d7bc80df3561605b') in 0.005350 seconds 
  Import took 0.008176 seconds .

========================================================================
Received Import Request.
  Time since last request: 8.878635 seconds.
  path: Assets/Sprites/cat/Dead (1).png
  artifactKey: Guid(1aaa6516480d41d44bd6b537cc74f187) Importer(815301076,1909f56bfc062723c751e8b465ee728b)
Start importing Assets/Sprites/cat/Dead (1).png using Guid(1aaa6516480d41d44bd6b537cc74f187) Importer(815301076,1909f56bfc062723c751e8b465ee728b)  -> (artifact id: '2af8a4626403de5182cc92c32c43f2a0') in 0.098062 seconds 
  Import took 0.101147 seconds .

========================================================================
Received Import Request.
  Time since last request: 0.000210 seconds.
  path: Assets/Sprites/cat/Fall (5).png
  artifactKey: Guid(c6804460415bebc4fa61b0b0b83b2544) Importer(815301076,1909f56bfc062723c751e8b465ee728b)
Start importing Assets/Sprites/cat/Fall (5).png using Guid(c6804460415bebc4fa61b0b0b83b2544) Importer(815301076,1909f56bfc062723c751e8b465ee728b)  -> (artifact id: '9d92785de00bb4fdf368a4fee1dcb99c') in 0.016372 seconds 
  Import took 0.018735 seconds .

========================================================================
Received Import Request.
  Time since last request: 0.000187 seconds.
  path: Assets/Sprites/cat/Hurt (1).png
  artifactKey: Guid(a7c4d640639df7949af11d28f2bf74af) Importer(815301076,1909f56bfc062723c751e8b465ee728b)
Start importing Assets/Sprites/cat/Hurt (1).png using Guid(a7c4d640639df7949af11d28f2bf74af) Importer(815301076,1909f56bfc062723c751e8b465ee728b)  -> (artifact id: 'b41d3d2bb1401c6d126b15aec0eeaaa0') in 0.012869 seconds 
  Import took 0.015548 seconds .

========================================================================
Received Import Request.
  Time since last request: 0.000138 seconds.
  path: Assets/Sprites/cat/Walk (1).png
  artifactKey: Guid(f7b3bf9550a34814986b4e3f13b0ea33) Importer(815301076,1909f56bfc062723c751e8b465ee728b)
Start importing Assets/Sprites/cat/Walk (1).png using Guid(f7b3bf9550a34814986b4e3f13b0ea33) Importer(815301076,1909f56bfc062723c751e8b465ee728b)  -> (artifact id: 'ce2ec1435fb4c4a9335fcf1bd84b3313') in 0.012328 seconds 
  Import took 0.014654 seconds .

========================================================================
Received Import Request.
  Time since last request: 0.000151 seconds.
  path: Assets/Sprites/cat/Hurt (7).png
  artifactKey: Guid(ac5298171a0fda1499b5d4a633a7cbce) Importer(815301076,1909f56bfc062723c751e8b465ee728b)
Start importing Assets/Sprites/cat/Hurt (7).png using Guid(ac5298171a0fda1499b5d4a633a7cbce) Importer(815301076,1909f56bfc062723c751e8b465ee728b)  -> (artifact id: '3b7ec24ea41850c300ed11e337e5ee6b') in 0.011929 seconds 
  Import took 0.014265 seconds .

========================================================================
Received Import Request.
  Time since last request: 0.000124 seconds.
  path: Assets/Sprites/cat/Run (5).png
  artifactKey: Guid(310dc6f3d5074bb46ad5eefb6092740f) Importer(815301076,1909f56bfc062723c751e8b465ee728b)
Start importing Assets/Sprites/cat/Run (5).png using Guid(310dc6f3d5074bb46ad5eefb6092740f) Importer(815301076,1909f56bfc062723c751e8b465ee728b)  -> (artifact id: 'b6bae08badd31e262bb6ec3de26bf5c7') in 0.011756 seconds 
  Import took 0.013896 seconds .

========================================================================
Received Import Request.
  Time since last request: 0.000144 seconds.
  path: Assets/Sprites/cat/Run (8).png
  artifactKey: Guid(da4f175711d74a246af930d90efec54d) Importer(815301076,1909f56bfc062723c751e8b465ee728b)
Start importing Assets/Sprites/cat/Run (8).png using Guid(da4f175711d74a246af930d90efec54d) Importer(815301076,1909f56bfc062723c751e8b465ee728b)  -> (artifact id: '83275ba94b474effa2b7f273040a1cbb') in 0.011603 seconds 
  Import took 0.014385 seconds .

========================================================================
Received Import Request.
  Time since last request: 0.000140 seconds.
  path: Assets/Sprites/cat/Hurt (6).png
  artifactKey: Guid(1e31485ce0abe9a4ea606b659f603f3e) Importer(815301076,1909f56bfc062723c751e8b465ee728b)
Start importing Assets/Sprites/cat/Hurt (6).png using Guid(1e31485ce0abe9a4ea606b659f603f3e) Importer(815301076,1909f56bfc062723c751e8b465ee728b)  -> (artifact id: 'cf88e3f6ce6cd9e7bb16ae4954f39634') in 0.012307 seconds 
  Import took 0.014709 seconds .

========================================================================
Received Import Request.
  Time since last request: 0.000168 seconds.
  path: Assets/Sprites/cat/Jump (8).png
  artifactKey: Guid(0ea10ab682f2f5741a3ea1e467c0715f) Importer(815301076,1909f56bfc062723c751e8b465ee728b)
Start importing Assets/Sprites/cat/Jump (8).png using Guid(0ea10ab682f2f5741a3ea1e467c0715f) Importer(815301076,1909f56bfc062723c751e8b465ee728b)  -> (artifact id: '7f6a5ed7583b7fffe9907b5b4e446dcc') in 0.012831 seconds 
  Import took 0.015289 seconds .

========================================================================
Received Import Request.
  Time since last request: 0.000142 seconds.
  path: Assets/Sprites/cat/Slide (2).png
  artifactKey: Guid(a8eb1e40a1f43984481bc504354a9d8e) Importer(815301076,1909f56bfc062723c751e8b465ee728b)
Start importing Assets/Sprites/cat/Slide (2).png using Guid(a8eb1e40a1f43984481bc504354a9d8e) Importer(815301076,1909f56bfc062723c751e8b465ee728b)  -> (artifact id: '33b866ca5a20312a7a842a81979b0a23') in 0.012476 seconds 
  Import took 0.015292 seconds .

========================================================================
Received Import Request.
  Time since last request: 0.000167 seconds.
  path: Assets/Sprites/cat/Slide (7).png
  artifactKey: Guid(33aa88505c80095498d11e04fea42ab0) Importer(815301076,1909f56bfc062723c751e8b465ee728b)
Start importing Assets/Sprites/cat/Slide (7).png using Guid(33aa88505c80095498d11e04fea42ab0) Importer(815301076,1909f56bfc062723c751e8b465ee728b)  -> (artifact id: '213a1d4682fee62d08c695751c282a28') in 0.012298 seconds 
  Import took 0.015128 seconds .

========================================================================
Received Import Request.
  Time since last request: 0.000253 seconds.
  path: Assets/Sprites/cat/Dead (4).png
  artifactKey: Guid(1f89c476fc8b0f448b8ace49c0839c2d) Importer(815301076,1909f56bfc062723c751e8b465ee728b)
Start importing Assets/Sprites/cat/Dead (4).png using Guid(1f89c476fc8b0f448b8ace49c0839c2d) Importer(815301076,1909f56bfc062723c751e8b465ee728b)  -> (artifact id: '7bb70f56560d0adc2c63602cff9dbfce') in 0.012162 seconds 
  Import took 0.015188 seconds .

========================================================================
Received Import Request.
  Time since last request: 0.000172 seconds.
  path: Assets/Sprites/cat/Idle (8).png
  artifactKey: Guid(2a54c6b8351e8a443b6642d69d097b6d) Importer(815301076,1909f56bfc062723c751e8b465ee728b)
Start importing Assets/Sprites/cat/Idle (8).png using Guid(2a54c6b8351e8a443b6642d69d097b6d) Importer(815301076,1909f56bfc062723c751e8b465ee728b)  -> (artifact id: 'a81693d426b4ee4f0a0a5eb7ce1e75a8') in 0.013058 seconds 
  Import took 0.015549 seconds .

========================================================================
Received Import Request.
  Time since last request: 0.000151 seconds.
  path: Assets/Sprites/cat/Run (3).png
  artifactKey: Guid(97164877b8a0a02478474db2f632ddcd) Importer(815301076,1909f56bfc062723c751e8b465ee728b)
Start importing Assets/Sprites/cat/Run (3).png using Guid(97164877b8a0a02478474db2f632ddcd) Importer(815301076,1909f56bfc062723c751e8b465ee728b)  -> (artifact id: 'efbbc6b52b8081cdd14d4e7b883b0f7e') in 0.012138 seconds 
  Import took 0.014654 seconds .

========================================================================
Received Import Request.
  Time since last request: 0.000171 seconds.
  path: Assets/Sprites/cat/Idle (2).png
  artifactKey: Guid(5db299e82ec175b4498fe68f8f978dcd) Importer(815301076,1909f56bfc062723c751e8b465ee728b)
Start importing Assets/Sprites/cat/Idle (2).png using Guid(5db299e82ec175b4498fe68f8f978dcd) Importer(815301076,1909f56bfc062723c751e8b465ee728b)  -> (artifact id: '632d85a70ae1ce7718ba1212da96e65d') in 0.012198 seconds 
  Import took 0.014489 seconds .

========================================================================
Received Import Request.
  Time since last request: 0.000171 seconds.
  path: Assets/Sprites/cat/Slide (9).png
  artifactKey: Guid(7eee2683c5374d248b223c8139f92193) Importer(815301076,1909f56bfc062723c751e8b465ee728b)
Start importing Assets/Sprites/cat/Slide (9).png using Guid(7eee2683c5374d248b223c8139f92193) Importer(815301076,1909f56bfc062723c751e8b465ee728b)  -> (artifact id: '93d0b486f9beafb0eccc5346807e87ce') in 0.013369 seconds 
  Import took 0.016140 seconds .

========================================================================
Received Import Request.
  Time since last request: 0.000178 seconds.
  path: Assets/Sprites/cat/Jump (4).png
  artifactKey: Guid(533d9f7ccec60d948bb6b2bb52111e0c) Importer(815301076,1909f56bfc062723c751e8b465ee728b)
Start importing Assets/Sprites/cat/Jump (4).png using Guid(533d9f7ccec60d948bb6b2bb52111e0c) Importer(815301076,1909f56bfc062723c751e8b465ee728b)  -> (artifact id: '2a24cb651bcf68fab3089c529ce81476') in 0.013088 seconds 
  Import took 0.015636 seconds .

========================================================================
Received Import Request.
  Time since last request: 0.000178 seconds.
  path: Assets/Sprites/cat/Fall (1).png
  artifactKey: Guid(369b15e5d7faa2b44a2b6526f83323f6) Importer(815301076,1909f56bfc062723c751e8b465ee728b)
Start importing Assets/Sprites/cat/Fall (1).png using Guid(369b15e5d7faa2b44a2b6526f83323f6) Importer(815301076,1909f56bfc062723c751e8b465ee728b)  -> (artifact id: '396361ba37aa3be2795a2c6a92a7ccbc') in 0.013735 seconds 
  Import took 0.016138 seconds .

========================================================================
Received Import Request.
  Time since last request: 0.000172 seconds.
  path: Assets/Sprites/cat/Slide (4).png
  artifactKey: Guid(b5c9b07cbeba5674d893571cdbe9b6c2) Importer(815301076,1909f56bfc062723c751e8b465ee728b)
Start importing Assets/Sprites/cat/Slide (4).png using Guid(b5c9b07cbeba5674d893571cdbe9b6c2) Importer(815301076,1909f56bfc062723c751e8b465ee728b)  -> (artifact id: 'ae7f4e827fd3f43e615637991e57da97') in 0.011810 seconds 
  Import took 0.013879 seconds .

========================================================================
Received Import Request.
  Time since last request: 0.000173 seconds.
  path: Assets/Sprites/cat/Run (6).png
  artifactKey: Guid(55c06aee679fa24428cfaec2a3a7abe0) Importer(815301076,1909f56bfc062723c751e8b465ee728b)
Start importing Assets/Sprites/cat/Run (6).png using Guid(55c06aee679fa24428cfaec2a3a7abe0) Importer(815301076,1909f56bfc062723c751e8b465ee728b)  -> (artifact id: 'c50be3a77ae74942a5cabb9333482bea') in 0.013167 seconds 
  Import took 0.016090 seconds .

========================================================================
Received Import Request.
  Time since last request: 0.000163 seconds.
  path: Assets/Sprites/cat/Dead (9).png
  artifactKey: Guid(8bc6910c2f2d5c84ca72605411f97f2e) Importer(815301076,1909f56bfc062723c751e8b465ee728b)
Start importing Assets/Sprites/cat/Dead (9).png using Guid(8bc6910c2f2d5c84ca72605411f97f2e) Importer(815301076,1909f56bfc062723c751e8b465ee728b)  -> (artifact id: '0f056fee204994451ecfbadfe89be693') in 0.012899 seconds 
  Import took 0.015143 seconds .

========================================================================
Received Import Request.
  Time since last request: 0.000149 seconds.
  path: Assets/Sprites/cat/Walk (2).png
  artifactKey: Guid(37a37e04fc10d544ca82f1ea8f7f6148) Importer(815301076,1909f56bfc062723c751e8b465ee728b)
Start importing Assets/Sprites/cat/Walk (2).png using Guid(37a37e04fc10d544ca82f1ea8f7f6148) Importer(815301076,1909f56bfc062723c751e8b465ee728b)  -> (artifact id: 'fb4f967d17f1bff1c724932dcc4f79ed') in 0.012299 seconds 
  Import took 0.014837 seconds .

========================================================================
Received Import Request.
  Time since last request: 0.000170 seconds.
  path: Assets/Sprites/cat/Fall (8).png
  artifactKey: Guid(6d61a39c956771146bc44b1dd8b96b37) Importer(815301076,1909f56bfc062723c751e8b465ee728b)
Start importing Assets/Sprites/cat/Fall (8).png using Guid(6d61a39c956771146bc44b1dd8b96b37) Importer(815301076,1909f56bfc062723c751e8b465ee728b)  -> (artifact id: '5c497326d39a3f6619ad8d6cf03d621d') in 0.017116 seconds 
  Import took 0.020052 seconds .

========================================================================
Received Import Request.
  Time since last request: 0.000149 seconds.
  path: Assets/Sprites/cat/Hurt (3).png
  artifactKey: Guid(7226a1742723a0a448c6f3e7405adcaf) Importer(815301076,1909f56bfc062723c751e8b465ee728b)
Start importing Assets/Sprites/cat/Hurt (3).png using Guid(7226a1742723a0a448c6f3e7405adcaf) Importer(815301076,1909f56bfc062723c751e8b465ee728b)  -> (artifact id: '5bef8c8f593be23f1acfdfb3efd8e078') in 0.013375 seconds 
  Import took 0.015665 seconds .

========================================================================
Received Import Request.
  Time since last request: 0.000170 seconds.
  path: Assets/Sprites/cat/Hurt (8).png
  artifactKey: Guid(9e52e46ef9d69144ba2869e77bb7782f) Importer(815301076,1909f56bfc062723c751e8b465ee728b)
Start importing Assets/Sprites/cat/Hurt (8).png using Guid(9e52e46ef9d69144ba2869e77bb7782f) Importer(815301076,1909f56bfc062723c751e8b465ee728b)  -> (artifact id: 'da811e4fc4e03b4ed52c346aa7e1a15c') in 0.014484 seconds 
  Import took 0.017251 seconds .

========================================================================
Received Import Request.
  Time since last request: 0.000173 seconds.
  path: Assets/Sprites/cat/Idle (6).png
  artifactKey: Guid(e6cea5c02e7280d43a1af4f9e62886d0) Importer(815301076,1909f56bfc062723c751e8b465ee728b)
Start importing Assets/Sprites/cat/Idle (6).png using Guid(e6cea5c02e7280d43a1af4f9e62886d0) Importer(815301076,1909f56bfc062723c751e8b465ee728b)  -> (artifact id: 'e2faa483b6ff3c40921decd389225038') in 0.013792 seconds 
  Import took 0.016544 seconds .

========================================================================
Received Import Request.
  Time since last request: 0.000185 seconds.
  path: Assets/Sprites/cat/Run (7).png
  artifactKey: Guid(8e1d145403e5d1c40966450a6edac681) Importer(815301076,1909f56bfc062723c751e8b465ee728b)
Start importing Assets/Sprites/cat/Run (7).png using Guid(8e1d145403e5d1c40966450a6edac681) Importer(815301076,1909f56bfc062723c751e8b465ee728b)  -> (artifact id: '9656083759d905f4194aa8864f492a61') in 0.013993 seconds 
  Import took 0.016635 seconds .

========================================================================
Received Import Request.
  Time since last request: 0.000176 seconds.
  path: Assets/Sprites/cat/Idle (7).png
  artifactKey: Guid(4139334b47fd4304ebb804d314d056e0) Importer(815301076,1909f56bfc062723c751e8b465ee728b)
Start importing Assets/Sprites/cat/Idle (7).png using Guid(4139334b47fd4304ebb804d314d056e0) Importer(815301076,1909f56bfc062723c751e8b465ee728b)  -> (artifact id: '05b0db5f8b0f643052f9297526ba08b1') in 0.011969 seconds 
  Import took 0.014328 seconds .

========================================================================
Received Import Request.
  Time since last request: 0.000187 seconds.
  path: Assets/Sprites/cat/Hurt (10).png
  artifactKey: Guid(e987e2c6f2e5e134cb585723fca99ca9) Importer(815301076,1909f56bfc062723c751e8b465ee728b)
Start importing Assets/Sprites/cat/Hurt (10).png using Guid(e987e2c6f2e5e134cb585723fca99ca9) Importer(815301076,1909f56bfc062723c751e8b465ee728b)  -> (artifact id: 'a6034ae0e92520212ff18861f205d80f') in 0.011494 seconds 
  Import took 0.014057 seconds .

========================================================================
Received Import Request.
  Time since last request: 0.000163 seconds.
  path: Assets/Sprites/cat/Idle (5).png
  artifactKey: Guid(a7b749d91b1ec8943946efaa535cba02) Importer(815301076,1909f56bfc062723c751e8b465ee728b)
Start importing Assets/Sprites/cat/Idle (5).png using Guid(a7b749d91b1ec8943946efaa535cba02) Importer(815301076,1909f56bfc062723c751e8b465ee728b)  -> (artifact id: '92b4d1381ab670d700bb6750f520e574') in 0.010966 seconds 
  Import took 0.013223 seconds .

========================================================================
Received Import Request.
  Time since last request: 0.000167 seconds.
  path: Assets/Sprites/cat/Dead (7).png
  artifactKey: Guid(4200b41fddc0ebd40b1ec270882d94d2) Importer(815301076,1909f56bfc062723c751e8b465ee728b)
Start importing Assets/Sprites/cat/Dead (7).png using Guid(4200b41fddc0ebd40b1ec270882d94d2) Importer(815301076,1909f56bfc062723c751e8b465ee728b)  -> (artifact id: '4753e6415720f5a72b5f6897e5247f43') in 0.012443 seconds 
  Import took 0.014639 seconds .

========================================================================
Received Import Request.
  Time since last request: 0.000164 seconds.
  path: Assets/Sprites/cat/Dead (6).png
  artifactKey: Guid(5236862b61c3d68469fb381a0f8887fb) Importer(815301076,1909f56bfc062723c751e8b465ee728b)
Start importing Assets/Sprites/cat/Dead (6).png using Guid(5236862b61c3d68469fb381a0f8887fb) Importer(815301076,1909f56bfc062723c751e8b465ee728b)  -> (artifact id: 'da824fb30af7cf971bf78afb8a29c35a') in 0.013294 seconds 
  Import took 0.016002 seconds .

========================================================================
Received Import Request.
  Time since last request: 0.000172 seconds.
  path: Assets/Sprites/cat/Slide (6).png
  artifactKey: Guid(b9ada77c9aa09c241950586a52448658) Importer(815301076,1909f56bfc062723c751e8b465ee728b)
Start importing Assets/Sprites/cat/Slide (6).png using Guid(b9ada77c9aa09c241950586a52448658) Importer(815301076,1909f56bfc062723c751e8b465ee728b)  -> (artifact id: '6fca9104959acb2e5a6b8d8a07994d86') in 0.011730 seconds 
  Import took 0.014225 seconds .

========================================================================
Received Import Request.
  Time since last request: 0.000175 seconds.
  path: Assets/Sprites/cat/Hurt (9).png
  artifactKey: Guid(6817df99ffe07d044ba636215cd4f49d) Importer(815301076,1909f56bfc062723c751e8b465ee728b)
Start importing Assets/Sprites/cat/Hurt (9).png using Guid(6817df99ffe07d044ba636215cd4f49d) Importer(815301076,1909f56bfc062723c751e8b465ee728b)  -> (artifact id: '90b5400d25184684f3d40ad555f442b6') in 0.011493 seconds 
  Import took 0.013780 seconds .

========================================================================
Received Import Request.
  Time since last request: 0.000153 seconds.
  path: Assets/Sprites/cat/Dead (10).png
  artifactKey: Guid(541d440f1c7bd474ebd6d3308ec6f57f) Importer(815301076,1909f56bfc062723c751e8b465ee728b)
Start importing Assets/Sprites/cat/Dead (10).png using Guid(541d440f1c7bd474ebd6d3308ec6f57f) Importer(815301076,1909f56bfc062723c751e8b465ee728b)  -> (artifact id: '779131e4707293f5fc9198726c816d0e') in 0.011504 seconds 
  Import took 0.014267 seconds .

========================================================================
Received Import Request.
  Time since last request: 0.000155 seconds.
  path: Assets/Sprites/cat/Idle (4).png
  artifactKey: Guid(427f5b9de9847de4ca1103560a25618a) Importer(815301076,1909f56bfc062723c751e8b465ee728b)
Start importing Assets/Sprites/cat/Idle (4).png using Guid(427f5b9de9847de4ca1103560a25618a) Importer(815301076,1909f56bfc062723c751e8b465ee728b)  -> (artifact id: '1b5435d732ebe7a21285527f4e2d44aa') in 0.012998 seconds 
  Import took 0.015631 seconds .

========================================================================
Received Import Request.
  Time since last request: 0.000158 seconds.
  path: Assets/Sprites/cat/Jump (5).png
  artifactKey: Guid(f37ce7da08308d8438cfdfa9621e89dc) Importer(815301076,1909f56bfc062723c751e8b465ee728b)
Start importing Assets/Sprites/cat/Jump (5).png using Guid(f37ce7da08308d8438cfdfa9621e89dc) Importer(815301076,1909f56bfc062723c751e8b465ee728b)  -> (artifact id: '35f97098377188e7ca4c846a9e20f0ce') in 0.011345 seconds 
  Import took 0.013619 seconds .

========================================================================
Received Import Request.
  Time since last request: 0.000168 seconds.
  path: Assets/Sprites/cat/Jump (1).png
  artifactKey: Guid(0e06d1804be5c6b4f817a32a909a3fd6) Importer(815301076,1909f56bfc062723c751e8b465ee728b)
Start importing Assets/Sprites/cat/Jump (1).png using Guid(0e06d1804be5c6b4f817a32a909a3fd6) Importer(815301076,1909f56bfc062723c751e8b465ee728b)  -> (artifact id: '2b562b0b506e6507bfed20b635eb45e8') in 0.014180 seconds 
  Import took 0.016782 seconds .

========================================================================
Received Import Request.
  Time since last request: 0.000172 seconds.
  path: Assets/Sprites/cat/Fall (3).png
  artifactKey: Guid(2f47bd74ca05cc54caa14b2b2a8c4ea1) Importer(815301076,1909f56bfc062723c751e8b465ee728b)
Start importing Assets/Sprites/cat/Fall (3).png using Guid(2f47bd74ca05cc54caa14b2b2a8c4ea1) Importer(815301076,1909f56bfc062723c751e8b465ee728b)  -> (artifact id: 'fd6ff5dbace4b891f42cb6c951d1249f') in 0.012388 seconds 
  Import took 0.014959 seconds .

========================================================================
Received Import Request.
  Time since last request: 0.000143 seconds.
  path: Assets/Sprites/cat/Slide (10).png
  artifactKey: Guid(71cd878dd5148b546aec6648ecde1082) Importer(815301076,1909f56bfc062723c751e8b465ee728b)
Start importing Assets/Sprites/cat/Slide (10).png using Guid(71cd878dd5148b546aec6648ecde1082) Importer(815301076,1909f56bfc062723c751e8b465ee728b)  -> (artifact id: 'b884af17ecb74fd72ec82524aabec555') in 0.012206 seconds 
  Import took 0.014812 seconds .

========================================================================
Received Import Request.
  Time since last request: 0.000156 seconds.
  path: Assets/Sprites/cat/Dead (8).png
  artifactKey: Guid(1b824b194a515f447908ab35d3a2134e) Importer(815301076,1909f56bfc062723c751e8b465ee728b)
Start importing Assets/Sprites/cat/Dead (8).png using Guid(1b824b194a515f447908ab35d3a2134e) Importer(815301076,1909f56bfc062723c751e8b465ee728b)  -> (artifact id: 'f2d060f77d97da7760cdd87cd3544a1b') in 0.012827 seconds 
  Import took 0.015580 seconds .

========================================================================
Received Import Request.
  Time since last request: 0.000150 seconds.
  path: Assets/Sprites/cat/Fall (7).png
  artifactKey: Guid(a4b995c0ba2b86740be7cc9b41e83e06) Importer(815301076,1909f56bfc062723c751e8b465ee728b)
Start importing Assets/Sprites/cat/Fall (7).png using Guid(a4b995c0ba2b86740be7cc9b41e83e06) Importer(815301076,1909f56bfc062723c751e8b465ee728b)  -> (artifact id: 'd48b0eff29a31769ef434bbec889e922') in 0.012867 seconds 
  Import took 0.015147 seconds .

========================================================================
Received Import Request.
  Time since last request: 0.000187 seconds.
  path: Assets/Sprites/cat/Run (2).png
  artifactKey: Guid(bb41bbfb306a44a4bac159a75c29cba6) Importer(815301076,1909f56bfc062723c751e8b465ee728b)
Start importing Assets/Sprites/cat/Run (2).png using Guid(bb41bbfb306a44a4bac159a75c29cba6) Importer(815301076,1909f56bfc062723c751e8b465ee728b)  -> (artifact id: '4bd7bd779244108c3d492f7fb820e566') in 0.014256 seconds 
  Import took 0.016855 seconds .

========================================================================
Received Import Request.
  Time since last request: 0.000166 seconds.
  path: Assets/Sprites/cat/Idle (10).png
  artifactKey: Guid(6df0770798ed6f6469e02d88fe84ae98) Importer(815301076,1909f56bfc062723c751e8b465ee728b)
Start importing Assets/Sprites/cat/Idle (10).png using Guid(6df0770798ed6f6469e02d88fe84ae98) Importer(815301076,1909f56bfc062723c751e8b465ee728b)  -> (artifact id: 'ed3fb9408eeb7b7add079e6da3d90510') in 0.013109 seconds 
  Import took 0.015949 seconds .

========================================================================
Received Import Request.
  Time since last request: 0.000147 seconds.
  path: Assets/Sprites/cat/Jump (3).png
  artifactKey: Guid(b758b95633bf9d74ab8a7afbac24bf84) Importer(815301076,1909f56bfc062723c751e8b465ee728b)
Start importing Assets/Sprites/cat/Jump (3).png using Guid(b758b95633bf9d74ab8a7afbac24bf84) Importer(815301076,1909f56bfc062723c751e8b465ee728b)  -> (artifact id: '2eea5416d1571ab2b6569509422d2ca1') in 0.011914 seconds 
  Import took 0.014559 seconds .

========================================================================
Received Import Request.
  Time since last request: 0.000131 seconds.
  path: Assets/Sprites/cat/Idle (1).png
  artifactKey: Guid(1be9fe2716ef6044d9a448c28ca204b5) Importer(815301076,1909f56bfc062723c751e8b465ee728b)
Start importing Assets/Sprites/cat/Idle (1).png using Guid(1be9fe2716ef6044d9a448c28ca204b5) Importer(815301076,1909f56bfc062723c751e8b465ee728b)  -> (artifact id: 'aaae2c8884129061558be745224f6f98') in 0.012827 seconds 
  Import took 0.015183 seconds .

========================================================================
Received Import Request.
  Time since last request: 0.000173 seconds.
  path: Assets/Sprites/cat/Walk (3).png
  artifactKey: Guid(6ff58af19cfd6e047bad6c105a96089c) Importer(815301076,1909f56bfc062723c751e8b465ee728b)
Start importing Assets/Sprites/cat/Walk (3).png using Guid(6ff58af19cfd6e047bad6c105a96089c) Importer(815301076,1909f56bfc062723c751e8b465ee728b)  -> (artifact id: 'f83e14df4a219eeb7b536d19b4c418d0') in 0.012760 seconds 
  Import took 0.015365 seconds .

========================================================================
Received Import Request.
  Time since last request: 0.000154 seconds.
  path: Assets/Sprites/cat/Slide (5).png
  artifactKey: Guid(b9ca38fef90cf874c93186965304e88b) Importer(815301076,1909f56bfc062723c751e8b465ee728b)
Start importing Assets/Sprites/cat/Slide (5).png using Guid(b9ca38fef90cf874c93186965304e88b) Importer(815301076,1909f56bfc062723c751e8b465ee728b)  -> (artifact id: '7a4b01923ef077440538783654639140') in 0.012716 seconds 
  Import took 0.015550 seconds .

========================================================================
Received Import Request.
  Time since last request: 0.000171 seconds.
  path: Assets/Sprites/cat/Jump (6).png
  artifactKey: Guid(4cbe83d5f51ba2e439d9e55e450db4d0) Importer(815301076,1909f56bfc062723c751e8b465ee728b)
Start importing Assets/Sprites/cat/Jump (6).png using Guid(4cbe83d5f51ba2e439d9e55e450db4d0) Importer(815301076,1909f56bfc062723c751e8b465ee728b)  -> (artifact id: '2d74929acc0905ad08838b93941af736') in 0.013671 seconds 
  Import took 0.016226 seconds .

========================================================================
Received Import Request.
  Time since last request: 0.000165 seconds.
  path: Assets/Sprites/cat/Dead (5).png
  artifactKey: Guid(1716c8b167d791f44a363f38736ddd84) Importer(815301076,1909f56bfc062723c751e8b465ee728b)
Start importing Assets/Sprites/cat/Dead (5).png using Guid(1716c8b167d791f44a363f38736ddd84) Importer(815301076,1909f56bfc062723c751e8b465ee728b)  -> (artifact id: '14304d34352ee64ce2144dfe0f10116f') in 0.012616 seconds 
  Import took 0.015435 seconds .

========================================================================
Received Import Request.
  Time since last request: 0.000156 seconds.
  path: Assets/Sprites/cat/Dead (2).png
  artifactKey: Guid(ec9813cb62519f145aea0278da36a383) Importer(815301076,1909f56bfc062723c751e8b465ee728b)
Start importing Assets/Sprites/cat/Dead (2).png using Guid(ec9813cb62519f145aea0278da36a383) Importer(815301076,1909f56bfc062723c751e8b465ee728b)  -> (artifact id: '6da587f4c3f231be8c1d6ded3fd434a0') in 0.011516 seconds 
  Import took 0.014029 seconds .

========================================================================
Received Import Request.
  Time since last request: 0.000169 seconds.
  path: Assets/Sprites/cat/Run (4).png
  artifactKey: Guid(231194c26b06e6d4e8b17f7fb31ea5bb) Importer(815301076,1909f56bfc062723c751e8b465ee728b)
Start importing Assets/Sprites/cat/Run (4).png using Guid(231194c26b06e6d4e8b17f7fb31ea5bb) Importer(815301076,1909f56bfc062723c751e8b465ee728b)  -> (artifact id: '27145d7696c942cf4b77b21dff7f97e6') in 0.012146 seconds 
  Import took 0.014706 seconds .

========================================================================
Received Import Request.
  Time since last request: 0.000138 seconds.
  path: Assets/Sprites/cat/Slide (8).png
  artifactKey: Guid(f807a087d913a7d43b603109f29ef907) Importer(815301076,1909f56bfc062723c751e8b465ee728b)
Start importing Assets/Sprites/cat/Slide (8).png using Guid(f807a087d913a7d43b603109f29ef907) Importer(815301076,1909f56bfc062723c751e8b465ee728b)  -> (artifact id: '8c5da4aad10878453b3c4d533dde8c07') in 0.012901 seconds 
  Import took 0.015800 seconds .

========================================================================
Received Import Request.
  Time since last request: 0.000156 seconds.
  path: Assets/Sprites/cat/Dead (3).png
  artifactKey: Guid(65065859db0a1cf4bbbabd2fa7f50c41) Importer(815301076,1909f56bfc062723c751e8b465ee728b)
Start importing Assets/Sprites/cat/Dead (3).png using Guid(65065859db0a1cf4bbbabd2fa7f50c41) Importer(815301076,1909f56bfc062723c751e8b465ee728b)  -> (artifact id: 'd3b14dc2460d6b99a3ec1b7dc0555aae') in 0.011988 seconds 
  Import took 0.014357 seconds .

========================================================================
Received Import Request.
  Time since last request: 0.000166 seconds.
  path: Assets/Sprites/cat/Jump (7).png
  artifactKey: Guid(336ed494033a320499eb45bea1d72832) Importer(815301076,1909f56bfc062723c751e8b465ee728b)
Start importing Assets/Sprites/cat/Jump (7).png using Guid(336ed494033a320499eb45bea1d72832) Importer(815301076,1909f56bfc062723c751e8b465ee728b)  -> (artifact id: 'f0e7b5fd574b5d01bce12005acd5bd4b') in 0.012075 seconds 
  Import took 0.015116 seconds .

========================================================================
Received Import Request.
  Time since last request: 0.000172 seconds.
  path: Assets/Sprites/cat/Jump (2).png
  artifactKey: Guid(1fa54404086b580489a867d5d33677f3) Importer(815301076,1909f56bfc062723c751e8b465ee728b)
Start importing Assets/Sprites/cat/Jump (2).png using Guid(1fa54404086b580489a867d5d33677f3) Importer(815301076,1909f56bfc062723c751e8b465ee728b)  -> (artifact id: 'cc825139b34597058439b547e4db328a') in 0.013216 seconds 
  Import took 0.016037 seconds .

========================================================================
Received Import Request.
  Time since last request: 0.000139 seconds.
  path: Assets/Sprites/cat/Fall (2).png
  artifactKey: Guid(53f01cb0b7ba6c947ba62fd2b1314e7e) Importer(815301076,1909f56bfc062723c751e8b465ee728b)
Start importing Assets/Sprites/cat/Fall (2).png using Guid(53f01cb0b7ba6c947ba62fd2b1314e7e) Importer(815301076,1909f56bfc062723c751e8b465ee728b)  -> (artifact id: 'fed3b2bbde764a85a438d7de7d296a4f') in 0.012581 seconds 
  Import took 0.014975 seconds .

========================================================================
Received Import Request.
  Time since last request: 0.000157 seconds.
  path: Assets/Sprites/cat/Hurt (4).png
  artifactKey: Guid(debc0bb3d3f255c408dfb914b578f576) Importer(815301076,1909f56bfc062723c751e8b465ee728b)
Start importing Assets/Sprites/cat/Hurt (4).png using Guid(debc0bb3d3f255c408dfb914b578f576) Importer(815301076,1909f56bfc062723c751e8b465ee728b)  -> (artifact id: '3ce23352a53e38f38768b99976cd1662') in 0.012072 seconds 
  Import took 0.014719 seconds .

========================================================================
Received Import Request.
  Time since last request: 0.000166 seconds.
  path: Assets/Sprites/cat/Slide (3).png
  artifactKey: Guid(db3918a8ee979b042a8f4141956bd654) Importer(815301076,1909f56bfc062723c751e8b465ee728b)
Start importing Assets/Sprites/cat/Slide (3).png using Guid(db3918a8ee979b042a8f4141956bd654) Importer(815301076,1909f56bfc062723c751e8b465ee728b)  -> (artifact id: '8c697f52e396194863fd1bfdae959f22') in 0.012146 seconds 
  Import took 0.014502 seconds .

========================================================================
Received Import Request.
  Time since last request: 0.000171 seconds.
  path: Assets/Sprites/cat/Slide (1).png
  artifactKey: Guid(4c0486e9bd9ebe24a8c5ac8aa023d408) Importer(815301076,1909f56bfc062723c751e8b465ee728b)
Start importing Assets/Sprites/cat/Slide (1).png using Guid(4c0486e9bd9ebe24a8c5ac8aa023d408) Importer(815301076,1909f56bfc062723c751e8b465ee728b)  -> (artifact id: '4b7045119d5a7cd0068fd7fe85bb5123') in 0.012423 seconds 
  Import took 0.014912 seconds .

========================================================================
Received Import Request.
  Time since last request: 0.000155 seconds.
  path: Assets/Sprites/cat/Fall (4).png
  artifactKey: Guid(ccf9a47b60278284798003ecd37b01b3) Importer(815301076,1909f56bfc062723c751e8b465ee728b)
Start importing Assets/Sprites/cat/Fall (4).png using Guid(ccf9a47b60278284798003ecd37b01b3) Importer(815301076,1909f56bfc062723c751e8b465ee728b)  -> (artifact id: 'fa68c2350affc8ddfb2d78473b622bc1') in 0.011846 seconds 
  Import took 0.014240 seconds .

========================================================================
Received Import Request.
  Time since last request: 0.000185 seconds.
  path: Assets/Sprites/cat/Idle (9).png
  artifactKey: Guid(1f869c53ee2b8854ab01c73478046713) Importer(815301076,1909f56bfc062723c751e8b465ee728b)
Start importing Assets/Sprites/cat/Idle (9).png using Guid(1f869c53ee2b8854ab01c73478046713) Importer(815301076,1909f56bfc062723c751e8b465ee728b)  -> (artifact id: '18055fb5695591081d787881a1344b85') in 0.014000 seconds 
  Import took 0.016679 seconds .

========================================================================
Received Import Request.
  Time since last request: 0.000163 seconds.
  path: Assets/Sprites/cat/Hurt (5).png
  artifactKey: Guid(838c0604d80c2384d986d413bd26e34d) Importer(815301076,1909f56bfc062723c751e8b465ee728b)
Start importing Assets/Sprites/cat/Hurt (5).png using Guid(838c0604d80c2384d986d413bd26e34d) Importer(815301076,1909f56bfc062723c751e8b465ee728b)  -> (artifact id: 'f322628c87576429e58f8247e794c2a9') in 0.012110 seconds 
  Import took 0.014667 seconds .

========================================================================
Received Import Request.
  Time since last request: 0.000135 seconds.
  path: Assets/Sprites/cat/Idle (3).png
  artifactKey: Guid(c0e523efb4483974aa41719a38fa4d6b) Importer(815301076,1909f56bfc062723c751e8b465ee728b)
Start importing Assets/Sprites/cat/Idle (3).png using Guid(c0e523efb4483974aa41719a38fa4d6b) Importer(815301076,1909f56bfc062723c751e8b465ee728b)  -> (artifact id: '558b8de3d55b69acd7b04a644d4b325e') in 0.014334 seconds 
  Import took 0.016583 seconds .

========================================================================
Received Import Request.
  Time since last request: 0.000159 seconds.
  path: Assets/Sprites/cat/Fall (6).png
  artifactKey: Guid(72b495c01e69d564fb36df624a16bd7e) Importer(815301076,1909f56bfc062723c751e8b465ee728b)
Start importing Assets/Sprites/cat/Fall (6).png using Guid(72b495c01e69d564fb36df624a16bd7e) Importer(815301076,1909f56bfc062723c751e8b465ee728b)  -> (artifact id: 'fe12c189488c2eb317986569e07f20c9') in 0.012037 seconds 
  Import took 0.014468 seconds .

========================================================================
Received Import Request.
  Time since last request: 0.000142 seconds.
  path: Assets/Sprites/cat/Hurt (2).png
  artifactKey: Guid(19effe4e85c9c49458e17d7edd35125d) Importer(815301076,1909f56bfc062723c751e8b465ee728b)
Start importing Assets/Sprites/cat/Hurt (2).png using Guid(19effe4e85c9c49458e17d7edd35125d) Importer(815301076,1909f56bfc062723c751e8b465ee728b)  -> (artifact id: 'c00f617c285901dc9c83e6e52701716f') in 0.013976 seconds 
  Import took 0.016297 seconds .

========================================================================
Received Import Request.
  Time since last request: 0.000162 seconds.
  path: Assets/Sprites/cat/Run (1).png
  artifactKey: Guid(c9e967d9103a9c34c94da38ad3cb8276) Importer(815301076,1909f56bfc062723c751e8b465ee728b)
Start importing Assets/Sprites/cat/Run (1).png using Guid(c9e967d9103a9c34c94da38ad3cb8276) Importer(815301076,1909f56bfc062723c751e8b465ee728b)  -> (artifact id: 'e01d20e6267e55df92c39fe3fee62ec6') in 0.012096 seconds 
  Import took 0.014554 seconds .

========================================================================
Received Import Request.
  Time since last request: 16.200259 seconds.
  path: Assets/Sprites/cat/Walk (4).png
  artifactKey: Guid(fab5a0e30c0a9d54294be1c5004f6056) Importer(815301076,1909f56bfc062723c751e8b465ee728b)
Start importing Assets/Sprites/cat/Walk (4).png using Guid(fab5a0e30c0a9d54294be1c5004f6056) Importer(815301076,1909f56bfc062723c751e8b465ee728b)  -> (artifact id: '454f77df3d8530886689df8de59f11e9') in 0.015640 seconds 
  Import took 0.018657 seconds .

========================================================================
Received Import Request.
  Time since last request: 0.000154 seconds.
  path: Assets/Sprites/cat/Walk (6).png
  artifactKey: Guid(5ea0a0af4f7d90540988e5deb6adba2d) Importer(815301076,1909f56bfc062723c751e8b465ee728b)
Start importing Assets/Sprites/cat/Walk (6).png using Guid(5ea0a0af4f7d90540988e5deb6adba2d) Importer(815301076,1909f56bfc062723c751e8b465ee728b)  -> (artifact id: 'd3b95315a99dc3b735fa9ed0b749639b') in 0.015166 seconds 
  Import took 0.017577 seconds .

========================================================================
Received Import Request.
  Time since last request: 0.000135 seconds.
  path: Assets/Sprites/cat/Walk (5).png
  artifactKey: Guid(0c4b2e85ca0191845a5580f9f82893ac) Importer(815301076,1909f56bfc062723c751e8b465ee728b)
Start importing Assets/Sprites/cat/Walk (5).png using Guid(0c4b2e85ca0191845a5580f9f82893ac) Importer(815301076,1909f56bfc062723c751e8b465ee728b)  -> (artifact id: 'fe078bd6857341107ea315639668828d') in 0.018395 seconds 
  Import took 0.020909 seconds .

========================================================================
Received Import Request.
  Time since last request: 0.000192 seconds.
  path: Assets/Sprites/cat/Walk (10).png
  artifactKey: Guid(ec7eb5a983f1a684ca1587dabc5ef250) Importer(815301076,1909f56bfc062723c751e8b465ee728b)
Start importing Assets/Sprites/cat/Walk (10).png using Guid(ec7eb5a983f1a684ca1587dabc5ef250) Importer(815301076,1909f56bfc062723c751e8b465ee728b)  -> (artifact id: '956747682cda6c05e01d914e6799cc0b') in 0.012969 seconds 
  Import took 0.015251 seconds .

========================================================================
Received Import Request.
  Time since last request: 0.000165 seconds.
  path: Assets/Sprites/cat/Walk (7).png
  artifactKey: Guid(d4e522b4fd6968a458262e505ff76ebc) Importer(815301076,1909f56bfc062723c751e8b465ee728b)
Start importing Assets/Sprites/cat/Walk (7).png using Guid(d4e522b4fd6968a458262e505ff76ebc) Importer(815301076,1909f56bfc062723c751e8b465ee728b)  -> (artifact id: '0258152ed6e6ed6e2a27e542ca78fadc') in 0.014579 seconds 
  Import took 0.017142 seconds .

========================================================================
Received Import Request.
  Time since last request: 0.000157 seconds.
  path: Assets/Sprites/cat/Walk (9).png
  artifactKey: Guid(0e242b4d4480e7049b2325fee8b62165) Importer(815301076,1909f56bfc062723c751e8b465ee728b)
Start importing Assets/Sprites/cat/Walk (9).png using Guid(0e242b4d4480e7049b2325fee8b62165) Importer(815301076,1909f56bfc062723c751e8b465ee728b)  -> (artifact id: 'bb51e400bd19cdf4d1af003711baf13d') in 0.019190 seconds 
  Import took 0.021840 seconds .

========================================================================
Received Import Request.
  Time since last request: 0.000150 seconds.
  path: Assets/Sprites/cat/Walk (8).png
  artifactKey: Guid(99294d3e1322fc34a91ef79e840d2c37) Importer(815301076,1909f56bfc062723c751e8b465ee728b)
Start importing Assets/Sprites/cat/Walk (8).png using Guid(99294d3e1322fc34a91ef79e840d2c37) Importer(815301076,1909f56bfc062723c751e8b465ee728b)  -> (artifact id: 'cc929a868bd700eabea0614765805bd3') in 0.027024 seconds 
  Import took 0.029576 seconds .

========================================================================
Received Prepare
Registering precompiled user dll's ...
Registered in 0.005326 seconds.
Begin MonoManager ReloadAssembly
Native extension for WindowsStandalone target not found
Refreshing native plugins compatible for Editor in 0.43 ms, found 3 plugins.
Preloading 0 native plugins for Editor in 0.00 ms.
Mono: successfully reloaded assembly
- Completed reload, in  0.728 seconds
Domain Reload Profiling:
	ReloadAssembly (728ms)
		BeginReloadAssembly (130ms)
			ExecutionOrderSort (0ms)
			DisableScriptedObjects (5ms)
			BackupInstance (0ms)
			ReleaseScriptingObjects (0ms)
			CreateAndSetChildDomain (28ms)
		EndReloadAssembly (554ms)
			LoadAssemblies (120ms)
			RebuildTransferFunctionScriptingTraits (0ms)
			SetupTypeCache (179ms)
			ReleaseScriptCaches (1ms)
			RebuildScriptCaches (26ms)
			SetupLoadedEditorAssemblies (203ms)
				LogAssemblyErrors (0ms)
				InitializePlatformSupportModulesInManaged (4ms)
				SetLoadedEditorAssemblies (0ms)
				RefreshPlugins (0ms)
				BeforeProcessingInitializeOnLoad (43ms)
				ProcessInitializeOnLoadAttributes (145ms)
				ProcessInitializeOnLoadMethodAttributes (4ms)
				AfterProcessingInitializeOnLoad (6ms)
				EditorAssembliesLoaded (0ms)
			ExecutionOrderSort2 (0ms)
			AwakeInstancesAfterBackupRestoration (8ms)
Platform modules already initialized, skipping
Refreshing native plugins compatible for Editor in 0.47 ms, found 3 plugins.
Preloading 0 native plugins for Editor in 0.00 ms.
Unloading 2082 Unused Serialized files (Serialized files now loaded: 0)
System memory in use before: 95.5 MB.
System memory in use after: 95.6 MB.

Unloading 14 unused Assets to reduce memory usage. Loaded Objects now: 2542.
Total: 2.474500 ms (FindLiveObjects: 0.213400 ms CreateObjectMapping: 0.042600 ms MarkObjects: 2.202800 ms  DeleteObjects: 0.014400 ms)

AssetImportParameters requested are different than current active one (requested -> active):
  custom:framework-win-MediaFoundation: 216162199b28c13a410421893ffa2e32 -> 
  custom:video-decoder-ogg-theora: a1e56fd34408186e4bbccfd4996cb3dc -> 
  custom:container-muxer-webm: aa71ff27fc2769a1b78a27578f13a17b -> 
  custom:container-demuxer-webm: 4f35f7cbe854078d1ac9338744f61a02 -> 
  custom:container-demuxer-ogg: 62fdf1f143b41e24485cea50d1cbac27 -> 
  custom:video-encoder-webm-vp8: eb34c28f22e8b96e1ab97ce403110664 -> 
  custom:video-decoder-webm-vp8: 9c59270c3fd7afecdb556c50c9e8de78 -> 
  custom:audio-decoder-ogg-vorbis: bf7c407c2cedff20999df2af8eb42d56 -> 
  custom:audio-encoder-webm-vorbis: bf7c407c2cedff20999df2af8eb42d56 -> 
========================================================================
Received Import Request.
  Time since last request: 234.585805 seconds.
  path: Assets/Animations/Idle (1).controller
  artifactKey: Guid(366f5a1354a41e84c9d9b8e0c36aadb4) Importer(815301076,1909f56bfc062723c751e8b465ee728b)
Start importing Assets/Animations/Idle (1).controller using Guid(366f5a1354a41e84c9d9b8e0c36aadb4) Importer(815301076,1909f56bfc062723c751e8b465ee728b)  -> (artifact id: '2772718dbaba813ad6bf00eebf0e6703') in 0.016362 seconds 
  Import took 0.019163 seconds .

========================================================================
Received Prepare
Registering precompiled user dll's ...
Registered in 0.005634 seconds.
Begin MonoManager ReloadAssembly
Native extension for WindowsStandalone target not found
Refreshing native plugins compatible for Editor in 0.73 ms, found 3 plugins.
Preloading 0 native plugins for Editor in 0.00 ms.
Mono: successfully reloaded assembly
- Completed reload, in  0.740 seconds
Domain Reload Profiling:
	ReloadAssembly (740ms)
		BeginReloadAssembly (138ms)
			ExecutionOrderSort (0ms)
			DisableScriptedObjects (4ms)
			BackupInstance (0ms)
			ReleaseScriptingObjects (0ms)
			CreateAndSetChildDomain (29ms)
		EndReloadAssembly (558ms)
			LoadAssemblies (119ms)
			RebuildTransferFunctionScriptingTraits (0ms)
			SetupTypeCache (182ms)
			ReleaseScriptCaches (1ms)
			RebuildScriptCaches (28ms)
			SetupLoadedEditorAssemblies (204ms)
				LogAssemblyErrors (0ms)
				InitializePlatformSupportModulesInManaged (3ms)
				SetLoadedEditorAssemblies (0ms)
				RefreshPlugins (1ms)
				BeforeProcessingInitializeOnLoad (43ms)
				ProcessInitializeOnLoadAttributes (145ms)
				ProcessInitializeOnLoadMethodAttributes (4ms)
				AfterProcessingInitializeOnLoad (7ms)
				EditorAssembliesLoaded (0ms)
			ExecutionOrderSort2 (0ms)
			AwakeInstancesAfterBackupRestoration (7ms)
Platform modules already initialized, skipping
Refreshing native plugins compatible for Editor in 0.47 ms, found 3 plugins.
Preloading 0 native plugins for Editor in 0.00 ms.
Unloading 2082 Unused Serialized files (Serialized files now loaded: 0)
System memory in use before: 95.6 MB.
System memory in use after: 95.7 MB.

Unloading 14 unused Assets to reduce memory usage. Loaded Objects now: 2545.
Total: 2.510600 ms (FindLiveObjects: 0.180000 ms CreateObjectMapping: 0.052300 ms MarkObjects: 2.263500 ms  DeleteObjects: 0.014200 ms)

AssetImportParameters requested are different than current active one (requested -> active):
  custom:framework-win-MediaFoundation: 216162199b28c13a410421893ffa2e32 -> 
  custom:video-decoder-ogg-theora: a1e56fd34408186e4bbccfd4996cb3dc -> 
  custom:container-muxer-webm: aa71ff27fc2769a1b78a27578f13a17b -> 
  custom:container-demuxer-webm: 4f35f7cbe854078d1ac9338744f61a02 -> 
  custom:container-demuxer-ogg: 62fdf1f143b41e24485cea50d1cbac27 -> 
  custom:video-encoder-webm-vp8: eb34c28f22e8b96e1ab97ce403110664 -> 
  custom:video-decoder-webm-vp8: 9c59270c3fd7afecdb556c50c9e8de78 -> 
  custom:audio-decoder-ogg-vorbis: bf7c407c2cedff20999df2af8eb42d56 -> 
  custom:audio-encoder-webm-vorbis: bf7c407c2cedff20999df2af8eb42d56 -> 
========================================================================
Received Prepare
Registering precompiled user dll's ...
Registered in 0.005442 seconds.
Begin MonoManager ReloadAssembly
Native extension for WindowsStandalone target not found
Refreshing native plugins compatible for Editor in 0.41 ms, found 3 plugins.
Preloading 0 native plugins for Editor in 0.00 ms.
Mono: successfully reloaded assembly
- Completed reload, in  0.745 seconds
Domain Reload Profiling:
	ReloadAssembly (746ms)
		BeginReloadAssembly (133ms)
			ExecutionOrderSort (0ms)
			DisableScriptedObjects (5ms)
			BackupInstance (0ms)
			ReleaseScriptingObjects (0ms)
			CreateAndSetChildDomain (29ms)
		EndReloadAssembly (568ms)
			LoadAssemblies (125ms)
			RebuildTransferFunctionScriptingTraits (0ms)
			SetupTypeCache (180ms)
			ReleaseScriptCaches (1ms)
			RebuildScriptCaches (29ms)
			SetupLoadedEditorAssemblies (212ms)
				LogAssemblyErrors (0ms)
				InitializePlatformSupportModulesInManaged (4ms)
				SetLoadedEditorAssemblies (1ms)
				RefreshPlugins (0ms)
				BeforeProcessingInitializeOnLoad (46ms)
				ProcessInitializeOnLoadAttributes (150ms)
				ProcessInitializeOnLoadMethodAttributes (4ms)
				AfterProcessingInitializeOnLoad (6ms)
				EditorAssembliesLoaded (0ms)
			ExecutionOrderSort2 (0ms)
			AwakeInstancesAfterBackupRestoration (9ms)
Platform modules already initialized, skipping
Refreshing native plugins compatible for Editor in 0.43 ms, found 3 plugins.
Preloading 0 native plugins for Editor in 0.00 ms.
Unloading 2082 Unused Serialized files (Serialized files now loaded: 0)
System memory in use before: 95.6 MB.
System memory in use after: 95.7 MB.

Unloading 14 unused Assets to reduce memory usage. Loaded Objects now: 2548.
Total: 2.602800 ms (FindLiveObjects: 0.184200 ms CreateObjectMapping: 0.058300 ms MarkObjects: 2.344800 ms  DeleteObjects: 0.014900 ms)

AssetImportParameters requested are different than current active one (requested -> active):
  custom:framework-win-MediaFoundation: 216162199b28c13a410421893ffa2e32 -> 
  custom:video-decoder-ogg-theora: a1e56fd34408186e4bbccfd4996cb3dc -> 
  custom:container-muxer-webm: aa71ff27fc2769a1b78a27578f13a17b -> 
  custom:container-demuxer-webm: 4f35f7cbe854078d1ac9338744f61a02 -> 
  custom:container-demuxer-ogg: 62fdf1f143b41e24485cea50d1cbac27 -> 
  custom:video-encoder-webm-vp8: eb34c28f22e8b96e1ab97ce403110664 -> 
  custom:video-decoder-webm-vp8: 9c59270c3fd7afecdb556c50c9e8de78 -> 
  custom:audio-decoder-ogg-vorbis: bf7c407c2cedff20999df2af8eb42d56 -> 
  custom:audio-encoder-webm-vorbis: bf7c407c2cedff20999df2af8eb42d56 -> 
========================================================================
Received Prepare
Registering precompiled user dll's ...
Registered in 0.005757 seconds.
Begin MonoManager ReloadAssembly
Native extension for WindowsStandalone target not found
Refreshing native plugins compatible for Editor in 0.50 ms, found 3 plugins.
Preloading 0 native plugins for Editor in 0.00 ms.
Mono: successfully reloaded assembly
- Completed reload, in  0.748 seconds
Domain Reload Profiling:
	ReloadAssembly (748ms)
		BeginReloadAssembly (131ms)
			ExecutionOrderSort (0ms)
			DisableScriptedObjects (5ms)
			BackupInstance (0ms)
			ReleaseScriptingObjects (0ms)
			CreateAndSetChildDomain (28ms)
		EndReloadAssembly (572ms)
			LoadAssemblies (122ms)
			RebuildTransferFunctionScriptingTraits (0ms)
			SetupTypeCache (178ms)
			ReleaseScriptCaches (1ms)
			RebuildScriptCaches (29ms)
			SetupLoadedEditorAssemblies (218ms)
				LogAssemblyErrors (0ms)
				InitializePlatformSupportModulesInManaged (4ms)
				SetLoadedEditorAssemblies (1ms)
				RefreshPlugins (1ms)
				BeforeProcessingInitializeOnLoad (46ms)
				ProcessInitializeOnLoadAttributes (156ms)
				ProcessInitializeOnLoadMethodAttributes (4ms)
				AfterProcessingInitializeOnLoad (6ms)
				EditorAssembliesLoaded (0ms)
			ExecutionOrderSort2 (0ms)
			AwakeInstancesAfterBackupRestoration (7ms)
Platform modules already initialized, skipping
Refreshing native plugins compatible for Editor in 0.45 ms, found 3 plugins.
Preloading 0 native plugins for Editor in 0.00 ms.
Unloading 2082 Unused Serialized files (Serialized files now loaded: 0)
System memory in use before: 95.6 MB.
System memory in use after: 95.7 MB.

Unloading 14 unused Assets to reduce memory usage. Loaded Objects now: 2551.
Total: 2.485100 ms (FindLiveObjects: 0.200100 ms CreateObjectMapping: 0.042900 ms MarkObjects: 2.224700 ms  DeleteObjects: 0.015900 ms)

AssetImportParameters requested are different than current active one (requested -> active):
  custom:framework-win-MediaFoundation: 216162199b28c13a410421893ffa2e32 -> 
  custom:video-decoder-ogg-theora: a1e56fd34408186e4bbccfd4996cb3dc -> 
  custom:container-muxer-webm: aa71ff27fc2769a1b78a27578f13a17b -> 
  custom:container-demuxer-webm: 4f35f7cbe854078d1ac9338744f61a02 -> 
  custom:container-demuxer-ogg: 62fdf1f143b41e24485cea50d1cbac27 -> 
  custom:video-encoder-webm-vp8: eb34c28f22e8b96e1ab97ce403110664 -> 
  custom:video-decoder-webm-vp8: 9c59270c3fd7afecdb556c50c9e8de78 -> 
  custom:audio-decoder-ogg-vorbis: bf7c407c2cedff20999df2af8eb42d56 -> 
  custom:audio-encoder-webm-vorbis: bf7c407c2cedff20999df2af8eb42d56 -> 
========================================================================
Received Import Request.
  Time since last request: 257.071616 seconds.
  path: Assets/Animations/Idle (1).controller
  artifactKey: Guid(366f5a1354a41e84c9d9b8e0c36aadb4) Importer(815301076,1909f56bfc062723c751e8b465ee728b)
Start importing Assets/Animations/Idle (1).controller using Guid(366f5a1354a41e84c9d9b8e0c36aadb4) Importer(815301076,1909f56bfc062723c751e8b465ee728b)  -> (artifact id: 'b847460acfd90c4a16a041f896edd7aa') in 0.014473 seconds 
  Import took 0.017688 seconds .

========================================================================
Received Prepare
Registering precompiled user dll's ...
Registered in 0.005774 seconds.
Begin MonoManager ReloadAssembly
Native extension for WindowsStandalone target not found
Refreshing native plugins compatible for Editor in 0.42 ms, found 3 plugins.
Preloading 0 native plugins for Editor in 0.00 ms.
Mono: successfully reloaded assembly
- Completed reload, in  0.762 seconds
Domain Reload Profiling:
	ReloadAssembly (762ms)
		BeginReloadAssembly (139ms)
			ExecutionOrderSort (0ms)
			DisableScriptedObjects (5ms)
			BackupInstance (0ms)
			ReleaseScriptingObjects (0ms)
			CreateAndSetChildDomain (30ms)
		EndReloadAssembly (577ms)
			LoadAssemblies (127ms)
			RebuildTransferFunctionScriptingTraits (0ms)
			SetupTypeCache (190ms)
			ReleaseScriptCaches (1ms)
			RebuildScriptCaches (27ms)
			SetupLoadedEditorAssemblies (208ms)
				LogAssemblyErrors (0ms)
				InitializePlatformSupportModulesInManaged (4ms)
				SetLoadedEditorAssemblies (0ms)
				RefreshPlugins (0ms)
				BeforeProcessingInitializeOnLoad (44ms)
				ProcessInitializeOnLoadAttributes (148ms)
				ProcessInitializeOnLoadMethodAttributes (4ms)
				AfterProcessingInitializeOnLoad (7ms)
				EditorAssembliesLoaded (0ms)
			ExecutionOrderSort2 (0ms)
			AwakeInstancesAfterBackupRestoration (8ms)
Platform modules already initialized, skipping
Refreshing native plugins compatible for Editor in 0.45 ms, found 3 plugins.
Preloading 0 native plugins for Editor in 0.00 ms.
Unloading 2082 Unused Serialized files (Serialized files now loaded: 0)
System memory in use before: 95.6 MB.
System memory in use after: 95.7 MB.

Unloading 14 unused Assets to reduce memory usage. Loaded Objects now: 2554.
Total: 2.663400 ms (FindLiveObjects: 0.202100 ms CreateObjectMapping: 0.069600 ms MarkObjects: 2.375400 ms  DeleteObjects: 0.015700 ms)

AssetImportParameters requested are different than current active one (requested -> active):
  custom:framework-win-MediaFoundation: 216162199b28c13a410421893ffa2e32 -> 
  custom:video-decoder-ogg-theora: a1e56fd34408186e4bbccfd4996cb3dc -> 
  custom:container-muxer-webm: aa71ff27fc2769a1b78a27578f13a17b -> 
  custom:container-demuxer-webm: 4f35f7cbe854078d1ac9338744f61a02 -> 
  custom:container-demuxer-ogg: 62fdf1f143b41e24485cea50d1cbac27 -> 
  custom:video-encoder-webm-vp8: eb34c28f22e8b96e1ab97ce403110664 -> 
  custom:video-decoder-webm-vp8: 9c59270c3fd7afecdb556c50c9e8de78 -> 
  custom:audio-decoder-ogg-vorbis: bf7c407c2cedff20999df2af8eb42d56 -> 
  custom:audio-encoder-webm-vorbis: bf7c407c2cedff20999df2af8eb42d56 -> 
========================================================================
Received Import Request.
  Time since last request: 348.193287 seconds.
  path: Assets/Scripts/NewBehaviourScript.cs
  artifactKey: Guid(a840b7b593bad74458078319fc4ad633) Importer(815301076,1909f56bfc062723c751e8b465ee728b)
Start importing Assets/Scripts/NewBehaviourScript.cs using Guid(a840b7b593bad74458078319fc4ad633) Importer(815301076,1909f56bfc062723c751e8b465ee728b)  -> (artifact id: '39f549ac9966ca50b14123acaedee903') in 0.014784 seconds 
  Import took 0.018475 seconds .

========================================================================
Received Prepare
Registering precompiled user dll's ...
Registered in 0.005570 seconds.
Begin MonoManager ReloadAssembly
Native extension for WindowsStandalone target not found
Refreshing native plugins compatible for Editor in 0.51 ms, found 3 plugins.
Preloading 0 native plugins for Editor in 0.00 ms.
Mono: successfully reloaded assembly
- Completed reload, in  0.735 seconds
Domain Reload Profiling:
	ReloadAssembly (736ms)
		BeginReloadAssembly (133ms)
			ExecutionOrderSort (0ms)
			DisableScriptedObjects (5ms)
			BackupInstance (0ms)
			ReleaseScriptingObjects (0ms)
			CreateAndSetChildDomain (29ms)
		EndReloadAssembly (558ms)
			LoadAssemblies (128ms)
			RebuildTransferFunctionScriptingTraits (0ms)
			SetupTypeCache (173ms)
			ReleaseScriptCaches (1ms)
			RebuildScriptCaches (28ms)
			SetupLoadedEditorAssemblies (207ms)
				LogAssemblyErrors (0ms)
				InitializePlatformSupportModulesInManaged (4ms)
				SetLoadedEditorAssemblies (0ms)
				RefreshPlugins (1ms)
				BeforeProcessingInitializeOnLoad (43ms)
				ProcessInitializeOnLoadAttributes (147ms)
				ProcessInitializeOnLoadMethodAttributes (4ms)
				AfterProcessingInitializeOnLoad (7ms)
				EditorAssembliesLoaded (0ms)
			ExecutionOrderSort2 (0ms)
			AwakeInstancesAfterBackupRestoration (9ms)
Platform modules already initialized, skipping
Refreshing native plugins compatible for Editor in 0.44 ms, found 3 plugins.
Preloading 0 native plugins for Editor in 0.00 ms.
Unloading 2082 Unused Serialized files (Serialized files now loaded: 0)
System memory in use before: 95.6 MB.
System memory in use after: 95.8 MB.

Unloading 14 unused Assets to reduce memory usage. Loaded Objects now: 2557.
Total: 2.462800 ms (FindLiveObjects: 0.188800 ms CreateObjectMapping: 0.061500 ms MarkObjects: 2.197500 ms  DeleteObjects: 0.014000 ms)

AssetImportParameters requested are different than current active one (requested -> active):
  custom:framework-win-MediaFoundation: 216162199b28c13a410421893ffa2e32 -> 
  custom:video-decoder-ogg-theora: a1e56fd34408186e4bbccfd4996cb3dc -> 
  custom:container-muxer-webm: aa71ff27fc2769a1b78a27578f13a17b -> 
  custom:container-demuxer-webm: 4f35f7cbe854078d1ac9338744f61a02 -> 
  custom:container-demuxer-ogg: 62fdf1f143b41e24485cea50d1cbac27 -> 
  custom:video-encoder-webm-vp8: eb34c28f22e8b96e1ab97ce403110664 -> 
  custom:video-decoder-webm-vp8: 9c59270c3fd7afecdb556c50c9e8de78 -> 
  custom:audio-decoder-ogg-vorbis: bf7c407c2cedff20999df2af8eb42d56 -> 
  custom:audio-encoder-webm-vorbis: bf7c407c2cedff20999df2af8eb42d56 -> 
========================================================================
Received Import Request.
  Time since last request: 337.648828 seconds.
  path: Assets/Scripts/NewBehaviourScript.cs
  artifactKey: Guid(a840b7b593bad74458078319fc4ad633) Importer(815301076,1909f56bfc062723c751e8b465ee728b)
Start importing Assets/Scripts/NewBehaviourScript.cs using Guid(a840b7b593bad74458078319fc4ad633) Importer(815301076,1909f56bfc062723c751e8b465ee728b)  -> (artifact id: '79c731ff3561325d5b86b0f90789fce6') in 0.007380 seconds 
  Import took 0.010602 seconds .

========================================================================
Received Prepare
Registering precompiled user dll's ...
Registered in 0.005796 seconds.
Begin MonoManager ReloadAssembly
Native extension for WindowsStandalone target not found
Refreshing native plugins compatible for Editor in 0.48 ms, found 3 plugins.
Preloading 0 native plugins for Editor in 0.00 ms.
Mono: successfully reloaded assembly
- Completed reload, in  0.742 seconds
Domain Reload Profiling:
	ReloadAssembly (742ms)
		BeginReloadAssembly (128ms)
			ExecutionOrderSort (0ms)
			DisableScriptedObjects (5ms)
			BackupInstance (0ms)
			ReleaseScriptingObjects (0ms)
			CreateAndSetChildDomain (27ms)
		EndReloadAssembly (563ms)
			LoadAssemblies (127ms)
			RebuildTransferFunctionScriptingTraits (0ms)
			SetupTypeCache (178ms)
			ReleaseScriptCaches (1ms)
			RebuildScriptCaches (28ms)
			SetupLoadedEditorAssemblies (209ms)
				LogAssemblyErrors (0ms)
				InitializePlatformSupportModulesInManaged (4ms)
				SetLoadedEditorAssemblies (0ms)
				RefreshPlugins (1ms)
				BeforeProcessingInitializeOnLoad (47ms)
				ProcessInitializeOnLoadAttributes (147ms)
				ProcessInitializeOnLoadMethodAttributes (4ms)
				AfterProcessingInitializeOnLoad (6ms)
				EditorAssembliesLoaded (0ms)
			ExecutionOrderSort2 (0ms)
			AwakeInstancesAfterBackupRestoration (7ms)
Platform modules already initialized, skipping
Refreshing native plugins compatible for Editor in 0.43 ms, found 3 plugins.
Preloading 0 native plugins for Editor in 0.00 ms.
Unloading 2082 Unused Serialized files (Serialized files now loaded: 0)
System memory in use before: 95.7 MB.
System memory in use after: 95.8 MB.

Unloading 14 unused Assets to reduce memory usage. Loaded Objects now: 2560.
Total: 2.565500 ms (FindLiveObjects: 0.188800 ms CreateObjectMapping: 0.053700 ms MarkObjects: 2.306500 ms  DeleteObjects: 0.015500 ms)

AssetImportParameters requested are different than current active one (requested -> active):
  custom:framework-win-MediaFoundation: 216162199b28c13a410421893ffa2e32 -> 
  custom:video-decoder-ogg-theora: a1e56fd34408186e4bbccfd4996cb3dc -> 
  custom:container-muxer-webm: aa71ff27fc2769a1b78a27578f13a17b -> 
  custom:container-demuxer-webm: 4f35f7cbe854078d1ac9338744f61a02 -> 
  custom:container-demuxer-ogg: 62fdf1f143b41e24485cea50d1cbac27 -> 
  custom:video-encoder-webm-vp8: eb34c28f22e8b96e1ab97ce403110664 -> 
  custom:video-decoder-webm-vp8: 9c59270c3fd7afecdb556c50c9e8de78 -> 
  custom:audio-decoder-ogg-vorbis: bf7c407c2cedff20999df2af8eb42d56 -> 
  custom:audio-encoder-webm-vorbis: bf7c407c2cedff20999df2af8eb42d56 -> 
========================================================================
Received Prepare
Registering precompiled user dll's ...
Registered in 0.005605 seconds.
Begin MonoManager ReloadAssembly
Native extension for WindowsStandalone target not found
Refreshing native plugins compatible for Editor in 0.42 ms, found 3 plugins.
Preloading 0 native plugins for Editor in 0.00 ms.
Mono: successfully reloaded assembly
- Completed reload, in  0.724 seconds
Domain Reload Profiling:
	ReloadAssembly (725ms)
		BeginReloadAssembly (126ms)
			ExecutionOrderSort (0ms)
			DisableScriptedObjects (5ms)
			BackupInstance (0ms)
			ReleaseScriptingObjects (0ms)
			CreateAndSetChildDomain (27ms)
		EndReloadAssembly (554ms)
			LoadAssemblies (123ms)
			RebuildTransferFunctionScriptingTraits (0ms)
			SetupTypeCache (170ms)
			ReleaseScriptCaches (1ms)
			RebuildScriptCaches (28ms)
			SetupLoadedEditorAssemblies (212ms)
				LogAssemblyErrors (0ms)
				InitializePlatformSupportModulesInManaged (3ms)
				SetLoadedEditorAssemblies (0ms)
				RefreshPlugins (0ms)
				BeforeProcessingInitializeOnLoad (46ms)
				ProcessInitializeOnLoadAttributes (151ms)
				ProcessInitializeOnLoadMethodAttributes (5ms)
				AfterProcessingInitializeOnLoad (6ms)
				EditorAssembliesLoaded (0ms)
			ExecutionOrderSort2 (0ms)
			AwakeInstancesAfterBackupRestoration (7ms)
Platform modules already initialized, skipping
Refreshing native plugins compatible for Editor in 0.44 ms, found 3 plugins.
Preloading 0 native plugins for Editor in 0.00 ms.
Unloading 2082 Unused Serialized files (Serialized files now loaded: 0)
System memory in use before: 95.7 MB.
System memory in use after: 95.8 MB.

Unloading 14 unused Assets to reduce memory usage. Loaded Objects now: 2563.
Total: 2.934800 ms (FindLiveObjects: 0.185600 ms CreateObjectMapping: 0.075200 ms MarkObjects: 2.653700 ms  DeleteObjects: 0.018600 ms)

AssetImportParameters requested are different than current active one (requested -> active):
  custom:framework-win-MediaFoundation: 216162199b28c13a410421893ffa2e32 -> 
  custom:video-decoder-ogg-theora: a1e56fd34408186e4bbccfd4996cb3dc -> 
  custom:container-muxer-webm: aa71ff27fc2769a1b78a27578f13a17b -> 
  custom:container-demuxer-webm: 4f35f7cbe854078d1ac9338744f61a02 -> 
  custom:container-demuxer-ogg: 62fdf1f143b41e24485cea50d1cbac27 -> 
  custom:video-encoder-webm-vp8: eb34c28f22e8b96e1ab97ce403110664 -> 
  custom:video-decoder-webm-vp8: 9c59270c3fd7afecdb556c50c9e8de78 -> 
  custom:audio-decoder-ogg-vorbis: bf7c407c2cedff20999df2af8eb42d56 -> 
  custom:audio-encoder-webm-vorbis: bf7c407c2cedff20999df2af8eb42d56 -> 
========================================================================
Received Prepare
Registering precompiled user dll's ...
Registered in 0.005722 seconds.
Begin MonoManager ReloadAssembly
Native extension for WindowsStandalone target not found
Refreshing native plugins compatible for Editor in 0.44 ms, found 3 plugins.
Preloading 0 native plugins for Editor in 0.00 ms.
Mono: successfully reloaded assembly
- Completed reload, in  0.752 seconds
Domain Reload Profiling:
	ReloadAssembly (753ms)
		BeginReloadAssembly (140ms)
			ExecutionOrderSort (0ms)
			DisableScriptedObjects (5ms)
			BackupInstance (0ms)
			ReleaseScriptingObjects (0ms)
			CreateAndSetChildDomain (28ms)
		EndReloadAssembly (568ms)
			LoadAssemblies (126ms)
			RebuildTransferFunctionScriptingTraits (0ms)
			SetupTypeCache (183ms)
			ReleaseScriptCaches (1ms)
			RebuildScriptCaches (28ms)
			SetupLoadedEditorAssemblies (210ms)
				LogAssemblyErrors (0ms)
				InitializePlatformSupportModulesInManaged (4ms)
				SetLoadedEditorAssemblies (0ms)
				RefreshPlugins (1ms)
				BeforeProcessingInitializeOnLoad (46ms)
				ProcessInitializeOnLoadAttributes (149ms)
				ProcessInitializeOnLoadMethodAttributes (4ms)
				AfterProcessingInitializeOnLoad (6ms)
				EditorAssembliesLoaded (0ms)
			ExecutionOrderSort2 (0ms)
			AwakeInstancesAfterBackupRestoration (7ms)
Platform modules already initialized, skipping
Refreshing native plugins compatible for Editor in 0.46 ms, found 3 plugins.
Preloading 0 native plugins for Editor in 0.00 ms.
Unloading 2082 Unused Serialized files (Serialized files now loaded: 0)
System memory in use before: 95.7 MB.
System memory in use after: 95.8 MB.

Unloading 14 unused Assets to reduce memory usage. Loaded Objects now: 2566.
Total: 2.514600 ms (FindLiveObjects: 0.183800 ms CreateObjectMapping: 0.057800 ms MarkObjects: 2.258400 ms  DeleteObjects: 0.014000 ms)

AssetImportParameters requested are different than current active one (requested -> active):
  custom:framework-win-MediaFoundation: 216162199b28c13a410421893ffa2e32 -> 
  custom:video-decoder-ogg-theora: a1e56fd34408186e4bbccfd4996cb3dc -> 
  custom:container-muxer-webm: aa71ff27fc2769a1b78a27578f13a17b -> 
  custom:container-demuxer-webm: 4f35f7cbe854078d1ac9338744f61a02 -> 
  custom:container-demuxer-ogg: 62fdf1f143b41e24485cea50d1cbac27 -> 
  custom:video-encoder-webm-vp8: eb34c28f22e8b96e1ab97ce403110664 -> 
  custom:video-decoder-webm-vp8: 9c59270c3fd7afecdb556c50c9e8de78 -> 
  custom:audio-decoder-ogg-vorbis: bf7c407c2cedff20999df2af8eb42d56 -> 
  custom:audio-encoder-webm-vorbis: bf7c407c2cedff20999df2af8eb42d56 -> 
========================================================================
Received Prepare
Registering precompiled user dll's ...
Registered in 0.005396 seconds.
Begin MonoManager ReloadAssembly
Native extension for WindowsStandalone target not found
Refreshing native plugins compatible for Editor in 0.44 ms, found 3 plugins.
Preloading 0 native plugins for Editor in 0.00 ms.
Mono: successfully reloaded assembly
- Completed reload, in  0.723 seconds
Domain Reload Profiling:
	ReloadAssembly (723ms)
		BeginReloadAssembly (131ms)
			ExecutionOrderSort (0ms)
			DisableScriptedObjects (4ms)
			BackupInstance (0ms)
			ReleaseScriptingObjects (0ms)
			CreateAndSetChildDomain (26ms)
		EndReloadAssembly (548ms)
			LoadAssemblies (120ms)
			RebuildTransferFunctionScriptingTraits (0ms)
			SetupTypeCache (174ms)
			ReleaseScriptCaches (1ms)
			RebuildScriptCaches (27ms)
			SetupLoadedEditorAssemblies (204ms)
				LogAssemblyErrors (0ms)
				InitializePlatformSupportModulesInManaged (3ms)
				SetLoadedEditorAssemblies (0ms)
				RefreshPlugins (0ms)
				BeforeProcessingInitializeOnLoad (44ms)
				ProcessInitializeOnLoadAttributes (145ms)
				ProcessInitializeOnLoadMethodAttributes (4ms)
				AfterProcessingInitializeOnLoad (6ms)
				EditorAssembliesLoaded (0ms)
			ExecutionOrderSort2 (0ms)
			AwakeInstancesAfterBackupRestoration (7ms)
Platform modules already initialized, skipping
Refreshing native plugins compatible for Editor in 0.42 ms, found 3 plugins.
Preloading 0 native plugins for Editor in 0.00 ms.
Unloading 2082 Unused Serialized files (Serialized files now loaded: 0)
System memory in use before: 95.7 MB.
System memory in use after: 95.8 MB.

Unloading 14 unused Assets to reduce memory usage. Loaded Objects now: 2569.
Total: 2.718200 ms (FindLiveObjects: 0.187100 ms CreateObjectMapping: 0.062700 ms MarkObjects: 2.449100 ms  DeleteObjects: 0.017900 ms)

AssetImportParameters requested are different than current active one (requested -> active):
  custom:framework-win-MediaFoundation: 216162199b28c13a410421893ffa2e32 -> 
  custom:video-decoder-ogg-theora: a1e56fd34408186e4bbccfd4996cb3dc -> 
  custom:container-muxer-webm: aa71ff27fc2769a1b78a27578f13a17b -> 
  custom:container-demuxer-webm: 4f35f7cbe854078d1ac9338744f61a02 -> 
  custom:container-demuxer-ogg: 62fdf1f143b41e24485cea50d1cbac27 -> 
  custom:video-encoder-webm-vp8: eb34c28f22e8b96e1ab97ce403110664 -> 
  custom:video-decoder-webm-vp8: 9c59270c3fd7afecdb556c50c9e8de78 -> 
  custom:audio-decoder-ogg-vorbis: bf7c407c2cedff20999df2af8eb42d56 -> 
  custom:audio-encoder-webm-vorbis: bf7c407c2cedff20999df2af8eb42d56 -> 
========================================================================
Received Prepare
Registering precompiled user dll's ...
Registered in 0.005486 seconds.
Begin MonoManager ReloadAssembly
Native extension for WindowsStandalone target not found
Refreshing native plugins compatible for Editor in 0.43 ms, found 3 plugins.
Preloading 0 native plugins for Editor in 0.00 ms.
Mono: successfully reloaded assembly
- Completed reload, in  0.753 seconds
Domain Reload Profiling:
	ReloadAssembly (754ms)
		BeginReloadAssembly (135ms)
			ExecutionOrderSort (0ms)
			DisableScriptedObjects (5ms)
			BackupInstance (0ms)
			ReleaseScriptingObjects (0ms)
			CreateAndSetChildDomain (30ms)
		EndReloadAssembly (572ms)
			LoadAssemblies (128ms)
			RebuildTransferFunctionScriptingTraits (0ms)
			SetupTypeCache (184ms)
			ReleaseScriptCaches (1ms)
			RebuildScriptCaches (28ms)
			SetupLoadedEditorAssemblies (209ms)
				LogAssemblyErrors (0ms)
				InitializePlatformSupportModulesInManaged (4ms)
				SetLoadedEditorAssemblies (0ms)
				RefreshPlugins (0ms)
				BeforeProcessingInitializeOnLoad (46ms)
				ProcessInitializeOnLoadAttributes (147ms)
				ProcessInitializeOnLoadMethodAttributes (5ms)
				AfterProcessingInitializeOnLoad (7ms)
				EditorAssembliesLoaded (0ms)
			ExecutionOrderSort2 (0ms)
			AwakeInstancesAfterBackupRestoration (8ms)
Platform modules already initialized, skipping
Refreshing native plugins compatible for Editor in 0.47 ms, found 3 plugins.
Preloading 0 native plugins for Editor in 0.00 ms.
Unloading 2082 Unused Serialized files (Serialized files now loaded: 0)
System memory in use before: 95.7 MB.
System memory in use after: 95.8 MB.

Unloading 14 unused Assets to reduce memory usage. Loaded Objects now: 2572.
Total: 2.780700 ms (FindLiveObjects: 0.182000 ms CreateObjectMapping: 0.066800 ms MarkObjects: 2.514500 ms  DeleteObjects: 0.016500 ms)

AssetImportParameters requested are different than current active one (requested -> active):
  custom:framework-win-MediaFoundation: 216162199b28c13a410421893ffa2e32 -> 
  custom:video-decoder-ogg-theora: a1e56fd34408186e4bbccfd4996cb3dc -> 
  custom:container-muxer-webm: aa71ff27fc2769a1b78a27578f13a17b -> 
  custom:container-demuxer-webm: 4f35f7cbe854078d1ac9338744f61a02 -> 
  custom:container-demuxer-ogg: 62fdf1f143b41e24485cea50d1cbac27 -> 
  custom:video-encoder-webm-vp8: eb34c28f22e8b96e1ab97ce403110664 -> 
  custom:video-decoder-webm-vp8: 9c59270c3fd7afecdb556c50c9e8de78 -> 
  custom:audio-decoder-ogg-vorbis: bf7c407c2cedff20999df2af8eb42d56 -> 
  custom:audio-encoder-webm-vorbis: bf7c407c2cedff20999df2af8eb42d56 -> 
========================================================================
Received Prepare
Refreshing native plugins compatible for Editor in 6.02 ms, found 3 plugins.
Preloading 0 native plugins for Editor in 0.00 ms.
Unloading 12 Unused Serialized files (Serialized files now loaded: 0)
System memory in use before: 54.8 MB.
System memory in use after: 54.9 MB.

Unloading 12 unused Assets to reduce memory usage. Loaded Objects now: 2572.
Total: 2.935100 ms (FindLiveObjects: 0.180600 ms CreateObjectMapping: 0.067100 ms MarkObjects: 2.672600 ms  DeleteObjects: 0.013900 ms)

AssetImportParameters requested are different than current active one (requested -> active):
  custom:framework-win-MediaFoundation: 216162199b28c13a410421893ffa2e32 -> 
  custom:video-decoder-ogg-theora: a1e56fd34408186e4bbccfd4996cb3dc -> 
  custom:container-muxer-webm: aa71ff27fc2769a1b78a27578f13a17b -> 
  custom:container-demuxer-webm: 4f35f7cbe854078d1ac9338744f61a02 -> 
  custom:container-demuxer-ogg: 62fdf1f143b41e24485cea50d1cbac27 -> 
  custom:video-encoder-webm-vp8: eb34c28f22e8b96e1ab97ce403110664 -> 
  custom:video-decoder-webm-vp8: 9c59270c3fd7afecdb556c50c9e8de78 -> 
  custom:audio-decoder-ogg-vorbis: bf7c407c2cedff20999df2af8eb42d56 -> 
  custom:audio-encoder-webm-vorbis: bf7c407c2cedff20999df2af8eb42d56 -> 
AssetImportWorkerClient::OnTransportError - code=2 error=End of file
